Determining if the function sgemm_ exists failed with the following output:
Change Dir: /home/tony/projects/CANDY/build/CMakeFiles/CMakeScratch/TryCompile-LsQGky

Run Build Command(s):/usr/bin/gmake -f Makefile cmTC_db38c/fast && /usr/bin/gmake  -f CMakeFiles/cmTC_db38c.dir/build.make CMakeFiles/cmTC_db38c.dir/build
gmake[1]: 进入目录“/home/tony/projects/CANDY/build/CMakeFiles/CMakeScratch/TryCompile-LsQGky”
Building CXX object CMakeFiles/cmTC_db38c.dir/CheckFunctionExists.cxx.o
/usr/bin/c++   -DCHECK_FUNCTION_EXISTS=sgemm_ -std=gnu++17 -o CMakeFiles/cmTC_db38c.dir/CheckFunctionExists.cxx.o -c /home/tony/projects/CANDY/build/CMakeFiles/CMakeScratch/TryCompile-LsQGky/CheckFunctionExists.cxx
Linking CXX executable cmTC_db38c
/home/tony/.local/lib/python3.10/site-packages/cmake/data/bin/cmake -E cmake_link_script CMakeFiles/cmTC_db38c.dir/link.txt --verbose=1
/usr/bin/c++  -DCHECK_FUNCTION_EXISTS=sgemm_ CMakeFiles/cmTC_db38c.dir/CheckFunctionExists.cxx.o -o cmTC_db38c 
/usr/bin/ld: CMakeFiles/cmTC_db38c.dir/CheckFunctionExists.cxx.o: in function `main':
CheckFunctionExists.cxx:(.text+0x14): undefined reference to `sgemm_'
collect2: error: ld returned 1 exit status
gmake[1]: *** [CMakeFiles/cmTC_db38c.dir/build.make:99：cmTC_db38c] 错误 1
gmake[1]: 离开目录“/home/tony/projects/CANDY/build/CMakeFiles/CMakeScratch/TryCompile-LsQGky”
gmake: *** [Makefile:127：cmTC_db38c/fast] 错误 2



Determining if the function cheev_ exists failed with the following output:
Change Dir: /home/tony/projects/CANDY/build/CMakeFiles/CMakeScratch/TryCompile-2iIuGJ

Run Build Command(s):/usr/bin/gmake -f Makefile cmTC_3a7f1/fast && /usr/bin/gmake  -f CMakeFiles/cmTC_3a7f1.dir/build.make CMakeFiles/cmTC_3a7f1.dir/build
gmake[1]: 进入目录“/home/tony/projects/CANDY/build/CMakeFiles/CMakeScratch/TryCompile-2iIuGJ”
Building CXX object CMakeFiles/cmTC_3a7f1.dir/CheckFunctionExists.cxx.o
/usr/bin/c++   -DCHECK_FUNCTION_EXISTS=cheev_ -std=gnu++17 -o CMakeFiles/cmTC_3a7f1.dir/CheckFunctionExists.cxx.o -c /home/tony/projects/CANDY/build/CMakeFiles/CMakeScratch/TryCompile-2iIuGJ/CheckFunctionExists.cxx
Linking CXX executable cmTC_3a7f1
/home/tony/.local/lib/python3.10/site-packages/cmake/data/bin/cmake -E cmake_link_script CMakeFiles/cmTC_3a7f1.dir/link.txt --verbose=1
/usr/bin/c++  -DCHECK_FUNCTION_EXISTS=cheev_ CMakeFiles/cmTC_3a7f1.dir/CheckFunctionExists.cxx.o -o cmTC_3a7f1  /usr/lib/x86_64-linux-gnu/libblas.so -lm -ldl 
/usr/bin/ld: CMakeFiles/cmTC_3a7f1.dir/CheckFunctionExists.cxx.o: in function `main':
CheckFunctionExists.cxx:(.text+0x14): undefined reference to `cheev_'
collect2: error: ld returned 1 exit status
gmake[1]: *** [CMakeFiles/cmTC_3a7f1.dir/build.make:100：cmTC_3a7f1] 错误 1
gmake[1]: 离开目录“/home/tony/projects/CANDY/build/CMakeFiles/CMakeScratch/TryCompile-2iIuGJ”
gmake: *** [Makefile:127：cmTC_3a7f1/fast] 错误 2



Determining if files sys/file.h;sys/ioctl.h;sys/resource.h;sys/socket.h;sys/stat.h;sys/time.h;sys/types.h;features.h;dirent.h;unistd.h;pwd.h;globus/common.h exist failed with the following output:
Change Dir: /home/tony/projects/CANDY/build/CMakeFiles/CMakeScratch/TryCompile-Dxp29i

Run Build Command(s):/usr/bin/gmake -f Makefile cmTC_07eda/fast && /usr/bin/gmake  -f CMakeFiles/cmTC_07eda.dir/build.make CMakeFiles/cmTC_07eda.dir/build
gmake[1]: 进入目录“/home/tony/projects/CANDY/build/CMakeFiles/CMakeScratch/TryCompile-Dxp29i”
Building C object CMakeFiles/cmTC_07eda.dir/H5_HAVE_GLOBUS_COMMON_H.c.o
/usr/bin/cc    -o CMakeFiles/cmTC_07eda.dir/H5_HAVE_GLOBUS_COMMON_H.c.o -c /home/tony/projects/CANDY/build/CMakeFiles/CMakeScratch/TryCompile-Dxp29i/H5_HAVE_GLOBUS_COMMON_H.c
/home/tony/projects/CANDY/build/CMakeFiles/CMakeScratch/TryCompile-Dxp29i/H5_HAVE_GLOBUS_COMMON_H.c:13:10: fatal error: globus/common.h: 没有那个文件或目录
   13 | #include <globus/common.h>
      |          ^~~~~~~~~~~~~~~~~
compilation terminated.
gmake[1]: *** [CMakeFiles/cmTC_07eda.dir/build.make:78：CMakeFiles/cmTC_07eda.dir/H5_HAVE_GLOBUS_COMMON_H.c.o] 错误 1
gmake[1]: 离开目录“/home/tony/projects/CANDY/build/CMakeFiles/CMakeScratch/TryCompile-Dxp29i”
gmake: *** [Makefile:127：cmTC_07eda/fast] 错误 2


Source:
/* */
#include <sys/file.h>
#include <sys/ioctl.h>
#include <sys/resource.h>
#include <sys/socket.h>
#include <sys/stat.h>
#include <sys/time.h>
#include <sys/types.h>
#include <features.h>
#include <dirent.h>
#include <unistd.h>
#include <pwd.h>
#include <globus/common.h>


int main(void){return 0;}

Determining if files sys/file.h;sys/ioctl.h;sys/resource.h;sys/socket.h;sys/stat.h;sys/time.h;sys/types.h;features.h;dirent.h;unistd.h;pwd.h;pdb.h exist failed with the following output:
Change Dir: /home/tony/projects/CANDY/build/CMakeFiles/CMakeScratch/TryCompile-umAIgW

Run Build Command(s):/usr/bin/gmake -f Makefile cmTC_e874d/fast && /usr/bin/gmake  -f CMakeFiles/cmTC_e874d.dir/build.make CMakeFiles/cmTC_e874d.dir/build
gmake[1]: 进入目录“/home/tony/projects/CANDY/build/CMakeFiles/CMakeScratch/TryCompile-umAIgW”
Building C object CMakeFiles/cmTC_e874d.dir/H5_HAVE_PDB_H.c.o
/usr/bin/cc    -o CMakeFiles/cmTC_e874d.dir/H5_HAVE_PDB_H.c.o -c /home/tony/projects/CANDY/build/CMakeFiles/CMakeScratch/TryCompile-umAIgW/H5_HAVE_PDB_H.c
/home/tony/projects/CANDY/build/CMakeFiles/CMakeScratch/TryCompile-umAIgW/H5_HAVE_PDB_H.c:13:10: fatal error: pdb.h: 没有那个文件或目录
   13 | #include <pdb.h>
      |          ^~~~~~~
compilation terminated.
gmake[1]: *** [CMakeFiles/cmTC_e874d.dir/build.make:78：CMakeFiles/cmTC_e874d.dir/H5_HAVE_PDB_H.c.o] 错误 1
gmake[1]: 离开目录“/home/tony/projects/CANDY/build/CMakeFiles/CMakeScratch/TryCompile-umAIgW”
gmake: *** [Makefile:127：cmTC_e874d/fast] 错误 2


Source:
/* */
#include <sys/file.h>
#include <sys/ioctl.h>
#include <sys/resource.h>
#include <sys/socket.h>
#include <sys/stat.h>
#include <sys/time.h>
#include <sys/types.h>
#include <features.h>
#include <dirent.h>
#include <unistd.h>
#include <pwd.h>
#include <pdb.h>


int main(void){return 0;}

Determining if files sys/file.h;sys/ioctl.h;sys/resource.h;sys/socket.h;sys/stat.h;sys/time.h;sys/types.h;features.h;dirent.h;unistd.h;pwd.h;pthread.h;srbclient.h exist failed with the following output:
Change Dir: /home/tony/projects/CANDY/build/CMakeFiles/CMakeScratch/TryCompile-qZbVdy

Run Build Command(s):/usr/bin/gmake -f Makefile cmTC_5a65c/fast && /usr/bin/gmake  -f CMakeFiles/cmTC_5a65c.dir/build.make CMakeFiles/cmTC_5a65c.dir/build
gmake[1]: 进入目录“/home/tony/projects/CANDY/build/CMakeFiles/CMakeScratch/TryCompile-qZbVdy”
Building C object CMakeFiles/cmTC_5a65c.dir/H5_HAVE_SRBCLIENT_H.c.o
/usr/bin/cc    -o CMakeFiles/cmTC_5a65c.dir/H5_HAVE_SRBCLIENT_H.c.o -c /home/tony/projects/CANDY/build/CMakeFiles/CMakeScratch/TryCompile-qZbVdy/H5_HAVE_SRBCLIENT_H.c
/home/tony/projects/CANDY/build/CMakeFiles/CMakeScratch/TryCompile-qZbVdy/H5_HAVE_SRBCLIENT_H.c:14:10: fatal error: srbclient.h: 没有那个文件或目录
   14 | #include <srbclient.h>
      |          ^~~~~~~~~~~~~
compilation terminated.
gmake[1]: *** [CMakeFiles/cmTC_5a65c.dir/build.make:78：CMakeFiles/cmTC_5a65c.dir/H5_HAVE_SRBCLIENT_H.c.o] 错误 1
gmake[1]: 离开目录“/home/tony/projects/CANDY/build/CMakeFiles/CMakeScratch/TryCompile-qZbVdy”
gmake: *** [Makefile:127：cmTC_5a65c/fast] 错误 2


Source:
/* */
#include <sys/file.h>
#include <sys/ioctl.h>
#include <sys/resource.h>
#include <sys/socket.h>
#include <sys/stat.h>
#include <sys/time.h>
#include <sys/types.h>
#include <features.h>
#include <dirent.h>
#include <unistd.h>
#include <pwd.h>
#include <pthread.h>
#include <srbclient.h>


int main(void){return 0;}

Determining if the function WSAStartup exists in the ws2_32;m;dl failed with the following output:
Change Dir: /home/tony/projects/CANDY/build/CMakeFiles/CMakeScratch/TryCompile-hAEZ30

Run Build Command(s):/usr/bin/gmake -f Makefile cmTC_ee414/fast && /usr/bin/gmake  -f CMakeFiles/cmTC_ee414.dir/build.make CMakeFiles/cmTC_ee414.dir/build
gmake[1]: 进入目录“/home/tony/projects/CANDY/build/CMakeFiles/CMakeScratch/TryCompile-hAEZ30”
Building C object CMakeFiles/cmTC_ee414.dir/CheckFunctionExists.c.o
/usr/bin/cc   -DCHECK_FUNCTION_EXISTS=WSAStartup -o CMakeFiles/cmTC_ee414.dir/CheckFunctionExists.c.o -c /home/tony/projects/CANDY/build/CMakeFiles/CMakeScratch/TryCompile-hAEZ30/CheckFunctionExists.c
Linking C executable cmTC_ee414
/home/tony/.local/lib/python3.10/site-packages/cmake/data/bin/cmake -E cmake_link_script CMakeFiles/cmTC_ee414.dir/link.txt --verbose=1
/usr/bin/cc  -DCHECK_FUNCTION_EXISTS=WSAStartup CMakeFiles/cmTC_ee414.dir/CheckFunctionExists.c.o -o cmTC_ee414  -lws2_32 -lm -ldl 
/usr/bin/ld: 找不到 -lws2_32: 没有那个文件或目录
collect2: error: ld returned 1 exit status
gmake[1]: *** [CMakeFiles/cmTC_ee414.dir/build.make:99：cmTC_ee414] 错误 1
gmake[1]: 离开目录“/home/tony/projects/CANDY/build/CMakeFiles/CMakeScratch/TryCompile-hAEZ30”
gmake: *** [Makefile:127：cmTC_ee414/fast] 错误 2



Determining if the function gethostbyname exists in the wsock32;m;dl failed with the following output:
Change Dir: /home/tony/projects/CANDY/build/CMakeFiles/CMakeScratch/TryCompile-8a4M6J

Run Build Command(s):/usr/bin/gmake -f Makefile cmTC_208a7/fast && /usr/bin/gmake  -f CMakeFiles/cmTC_208a7.dir/build.make CMakeFiles/cmTC_208a7.dir/build
gmake[1]: 进入目录“/home/tony/projects/CANDY/build/CMakeFiles/CMakeScratch/TryCompile-8a4M6J”
Building C object CMakeFiles/cmTC_208a7.dir/CheckFunctionExists.c.o
/usr/bin/cc   -DCHECK_FUNCTION_EXISTS=gethostbyname -o CMakeFiles/cmTC_208a7.dir/CheckFunctionExists.c.o -c /home/tony/projects/CANDY/build/CMakeFiles/CMakeScratch/TryCompile-8a4M6J/CheckFunctionExists.c
Linking C executable cmTC_208a7
/home/tony/.local/lib/python3.10/site-packages/cmake/data/bin/cmake -E cmake_link_script CMakeFiles/cmTC_208a7.dir/link.txt --verbose=1
/usr/bin/cc  -DCHECK_FUNCTION_EXISTS=gethostbyname CMakeFiles/cmTC_208a7.dir/CheckFunctionExists.c.o -o cmTC_208a7  -lwsock32 -lm -ldl 
/usr/bin/ld: 找不到 -lwsock32: 没有那个文件或目录
collect2: error: ld returned 1 exit status
gmake[1]: *** [CMakeFiles/cmTC_208a7.dir/build.make:99：cmTC_208a7] 错误 1
gmake[1]: 离开目录“/home/tony/projects/CANDY/build/CMakeFiles/CMakeScratch/TryCompile-8a4M6J”
gmake: *** [Makefile:127：cmTC_208a7/fast] 错误 2



Determining if the function gethostname exists in the ucb;m;dl failed with the following output:
Change Dir: /home/tony/projects/CANDY/build/CMakeFiles/CMakeScratch/TryCompile-44jJzs

Run Build Command(s):/usr/bin/gmake -f Makefile cmTC_9e228/fast && /usr/bin/gmake  -f CMakeFiles/cmTC_9e228.dir/build.make CMakeFiles/cmTC_9e228.dir/build
gmake[1]: 进入目录“/home/tony/projects/CANDY/build/CMakeFiles/CMakeScratch/TryCompile-44jJzs”
Building C object CMakeFiles/cmTC_9e228.dir/CheckFunctionExists.c.o
/usr/bin/cc   -DCHECK_FUNCTION_EXISTS=gethostname -o CMakeFiles/cmTC_9e228.dir/CheckFunctionExists.c.o -c /home/tony/projects/CANDY/build/CMakeFiles/CMakeScratch/TryCompile-44jJzs/CheckFunctionExists.c
Linking C executable cmTC_9e228
/home/tony/.local/lib/python3.10/site-packages/cmake/data/bin/cmake -E cmake_link_script CMakeFiles/cmTC_9e228.dir/link.txt --verbose=1
/usr/bin/cc  -DCHECK_FUNCTION_EXISTS=gethostname CMakeFiles/cmTC_9e228.dir/CheckFunctionExists.c.o -o cmTC_9e228  -lucb -lm -ldl 
/usr/bin/ld: 找不到 -lucb: 没有那个文件或目录
collect2: error: ld returned 1 exit status
gmake[1]: *** [CMakeFiles/cmTC_9e228.dir/build.make:99：cmTC_9e228] 错误 1
gmake[1]: 离开目录“/home/tony/projects/CANDY/build/CMakeFiles/CMakeScratch/TryCompile-44jJzs”
gmake: *** [Makefile:127：cmTC_9e228/fast] 错误 2



Determining if the variable CLOCK_MONOTONIC exists failed with the following output:
Change Dir: /home/tony/projects/CANDY/build/CMakeFiles/CMakeScratch/TryCompile-wJg0yC

Run Build Command(s):/usr/bin/gmake -f Makefile cmTC_d32c6/fast && /usr/bin/gmake  -f CMakeFiles/cmTC_d32c6.dir/build.make CMakeFiles/cmTC_d32c6.dir/build
gmake[1]: 进入目录“/home/tony/projects/CANDY/build/CMakeFiles/CMakeScratch/TryCompile-wJg0yC”
Building C object CMakeFiles/cmTC_d32c6.dir/CheckVariableExists.c.o
/usr/bin/cc -D_FILE_OFFSET_BITS=64 -D_LARGEFILE64_SOURCE -D_LARGEFILE_SOURCE  -DCHECK_VARIABLE_EXISTS=CLOCK_MONOTONIC -o CMakeFiles/cmTC_d32c6.dir/CheckVariableExists.c.o -c /home/tony/.local/lib/python3.10/site-packages/cmake/data/share/cmake-3.25/Modules/CheckVariableExists.c
Linking C executable cmTC_d32c6
/home/tony/.local/lib/python3.10/site-packages/cmake/data/bin/cmake -E cmake_link_script CMakeFiles/cmTC_d32c6.dir/link.txt --verbose=1
/usr/bin/cc  -DCHECK_VARIABLE_EXISTS=CLOCK_MONOTONIC CMakeFiles/cmTC_d32c6.dir/CheckVariableExists.c.o -o cmTC_d32c6 
/usr/bin/ld: CMakeFiles/cmTC_d32c6.dir/CheckVariableExists.c.o: warning: relocation against `CLOCK_MONOTONIC' in read-only section `.text'
/usr/bin/ld: CMakeFiles/cmTC_d32c6.dir/CheckVariableExists.c.o: in function `main':
CheckVariableExists.c:(.text+0x29): undefined reference to `CLOCK_MONOTONIC'
/usr/bin/ld: warning: creating DT_TEXTREL in a PIE
collect2: error: ld returned 1 exit status
gmake[1]: *** [CMakeFiles/cmTC_d32c6.dir/build.make:99：cmTC_d32c6] 错误 1
gmake[1]: 离开目录“/home/tony/projects/CANDY/build/CMakeFiles/CMakeScratch/TryCompile-wJg0yC”
gmake: *** [Makefile:127：cmTC_d32c6/fast] 错误 2



Performing C SOURCE FILE Test H5_HAVE___TM_GMTOFF failed with the following output:
Change Dir: /home/tony/projects/CANDY/build/CMakeFiles/CMakeScratch/TryCompile-2RCN2u

Run Build Command(s):/usr/bin/gmake -f Makefile cmTC_394f9/fast && /usr/bin/gmake  -f CMakeFiles/cmTC_394f9.dir/build.make CMakeFiles/cmTC_394f9.dir/build
gmake[1]: 进入目录“/home/tony/projects/CANDY/build/CMakeFiles/CMakeScratch/TryCompile-2RCN2u”
Building C object CMakeFiles/cmTC_394f9.dir/src.c.o
/usr/bin/cc -DH5_HAVE___TM_GMTOFF -D_FILE_OFFSET_BITS=64 -D_LARGEFILE64_SOURCE -D_LARGEFILE_SOURCE   -o CMakeFiles/cmTC_394f9.dir/src.c.o -c /home/tony/projects/CANDY/build/CMakeFiles/CMakeScratch/TryCompile-2RCN2u/src.c
/home/tony/projects/CANDY/build/CMakeFiles/CMakeScratch/TryCompile-2RCN2u/src.c: In function ‘main’:
/home/tony/projects/CANDY/build/CMakeFiles/CMakeScratch/TryCompile-2RCN2u/src.c:6:34: error: ‘struct tm’ has no member named ‘__tm_gmtoff’; did you mean ‘tm_gmtoff’?
    6 |   (void)sizeof(((struct tm *)0)->__tm_gmtoff);
      |                                  ^~~~~~~~~~~
      |                                  tm_gmtoff
gmake[1]: *** [CMakeFiles/cmTC_394f9.dir/build.make:78：CMakeFiles/cmTC_394f9.dir/src.c.o] 错误 1
gmake[1]: 离开目录“/home/tony/projects/CANDY/build/CMakeFiles/CMakeScratch/TryCompile-2RCN2u”
gmake: *** [Makefile:127：cmTC_394f9/fast] 错误 2


Source file was:

#include <time.h>

int main()
{
  (void)sizeof(((struct tm *)0)->__tm_gmtoff);
  return 0;
}


Performing C SOURCE FILE Test H5_HAVE_STRUCT_TIMEZONE failed with the following output:
Change Dir: /home/tony/projects/CANDY/build/CMakeFiles/CMakeScratch/TryCompile-tZ6gYl

Run Build Command(s):/usr/bin/gmake -f Makefile cmTC_cd534/fast && /usr/bin/gmake  -f CMakeFiles/cmTC_cd534.dir/build.make CMakeFiles/cmTC_cd534.dir/build
gmake[1]: 进入目录“/home/tony/projects/CANDY/build/CMakeFiles/CMakeScratch/TryCompile-tZ6gYl”
Building C object CMakeFiles/cmTC_cd534.dir/src.c.o
/usr/bin/cc -DH5_HAVE_STRUCT_TIMEZONE -D_FILE_OFFSET_BITS=64 -D_LARGEFILE64_SOURCE -D_LARGEFILE_SOURCE   -o CMakeFiles/cmTC_cd534.dir/src.c.o -c /home/tony/projects/CANDY/build/CMakeFiles/CMakeScratch/TryCompile-tZ6gYl/src.c
/home/tony/projects/CANDY/build/CMakeFiles/CMakeScratch/TryCompile-tZ6gYl/src.c: In function ‘main’:
/home/tony/projects/CANDY/build/CMakeFiles/CMakeScratch/TryCompile-tZ6gYl/src.c:8:32: error: ‘struct tm’ has no member named ‘tz_minuteswest’
    8 |   (void)sizeof(((struct tm *)0)->tz_minuteswest);
      |                                ^~
gmake[1]: *** [CMakeFiles/cmTC_cd534.dir/build.make:78：CMakeFiles/cmTC_cd534.dir/src.c.o] 错误 1
gmake[1]: 离开目录“/home/tony/projects/CANDY/build/CMakeFiles/CMakeScratch/TryCompile-tZ6gYl”
gmake: *** [Makefile:127：cmTC_cd534/fast] 错误 2


Source file was:

#include <sys/types.h>
#include <sys/time.h>
#include <time.h>

int main()
{
  (void)sizeof(((struct tm *)0)->tz_minuteswest);
  return 0;
}


Performing Other Test HAVE_TM_ZONE failed with the following output:
Change Dir: /home/tony/projects/CANDY/build/CMakeFiles/CMakeTmp

Run Build Command(s):/usr/bin/gmake -f Makefile cmTC_58013/fast && /usr/bin/gmake  -f CMakeFiles/cmTC_58013.dir/build.make CMakeFiles/cmTC_58013.dir/build
gmake[1]: 进入目录“/home/tony/projects/CANDY/build/CMakeFiles/CMakeTmp”
Building C object CMakeFiles/cmTC_58013.dir/HDFTests.c.o
/usr/bin/cc   -DHAVE_TM_ZONE  -DHAVE_SYS_TIME_H -DHAVE_UNISTD_H -DHAVE_SYS_TYPES_H -DHAVE_SYS_SOCKET_H -D_FILE_OFFSET_BITS=64 -D_LARGEFILE64_SOURCE -D_LARGEFILE_SOURCE -o CMakeFiles/cmTC_58013.dir/HDFTests.c.o -c /home/tony/projects/CANDY/thirdparty/hdf5-1.14.3/config/cmake/HDFTests.c
Linking C executable cmTC_58013
/home/tony/.local/lib/python3.10/site-packages/cmake/data/bin/cmake -E cmake_link_script CMakeFiles/cmTC_58013.dir/link.txt --verbose=1
/usr/bin/cc CMakeFiles/cmTC_58013.dir/HDFTests.c.o -o cmTC_58013  -lm -ldl 
/usr/bin/ld: /usr/lib/gcc/x86_64-linux-gnu/11/../../../x86_64-linux-gnu/Scrt1.o: in function `_start':
(.text+0x1b): undefined reference to `main'
collect2: error: ld returned 1 exit status
gmake[1]: *** [CMakeFiles/cmTC_58013.dir/build.make:99：cmTC_58013] 错误 1
gmake[1]: 离开目录“/home/tony/projects/CANDY/build/CMakeFiles/CMakeTmp”
gmake: *** [Makefile:127：cmTC_58013/fast] 错误 2


Performing Other Test HAVE_STRUCT_TM_TM_ZONE failed with the following output:
Change Dir: /home/tony/projects/CANDY/build/CMakeFiles/CMakeTmp

Run Build Command(s):/usr/bin/gmake -f Makefile cmTC_b5d58/fast && /usr/bin/gmake  -f CMakeFiles/cmTC_b5d58.dir/build.make CMakeFiles/cmTC_b5d58.dir/build
gmake[1]: 进入目录“/home/tony/projects/CANDY/build/CMakeFiles/CMakeTmp”
Building C object CMakeFiles/cmTC_b5d58.dir/HDFTests.c.o
/usr/bin/cc   -DHAVE_STRUCT_TM_TM_ZONE  -DHAVE_SYS_TIME_H -DHAVE_UNISTD_H -DHAVE_SYS_TYPES_H -DHAVE_SYS_SOCKET_H -D_FILE_OFFSET_BITS=64 -D_LARGEFILE64_SOURCE -D_LARGEFILE_SOURCE -o CMakeFiles/cmTC_b5d58.dir/HDFTests.c.o -c /home/tony/projects/CANDY/thirdparty/hdf5-1.14.3/config/cmake/HDFTests.c
Linking C executable cmTC_b5d58
/home/tony/.local/lib/python3.10/site-packages/cmake/data/bin/cmake -E cmake_link_script CMakeFiles/cmTC_b5d58.dir/link.txt --verbose=1
/usr/bin/cc CMakeFiles/cmTC_b5d58.dir/HDFTests.c.o -o cmTC_b5d58  -lm -ldl 
/usr/bin/ld: /usr/lib/gcc/x86_64-linux-gnu/11/../../../x86_64-linux-gnu/Scrt1.o: in function `_start':
(.text+0x1b): undefined reference to `main'
collect2: error: ld returned 1 exit status
gmake[1]: *** [CMakeFiles/cmTC_b5d58.dir/build.make:99：cmTC_b5d58] 错误 1
gmake[1]: 离开目录“/home/tony/projects/CANDY/build/CMakeFiles/CMakeTmp”
gmake: *** [Makefile:127：cmTC_b5d58/fast] 错误 2


Performing C SOURCE FILE Test H5_HAVE_STRUCT_VIDEOCONFIG failed with the following output:
Change Dir: /home/tony/projects/CANDY/build/CMakeFiles/CMakeScratch/TryCompile-eSv1Em

Run Build Command(s):/usr/bin/gmake -f Makefile cmTC_8310a/fast && /usr/bin/gmake  -f CMakeFiles/cmTC_8310a.dir/build.make CMakeFiles/cmTC_8310a.dir/build
gmake[1]: 进入目录“/home/tony/projects/CANDY/build/CMakeFiles/CMakeScratch/TryCompile-eSv1Em”
Building C object CMakeFiles/cmTC_8310a.dir/src.c.o
/usr/bin/cc -DH5_HAVE_STRUCT_VIDEOCONFIG -D_FILE_OFFSET_BITS=64 -D_LARGEFILE64_SOURCE -D_LARGEFILE_SOURCE   -o CMakeFiles/cmTC_8310a.dir/src.c.o -c /home/tony/projects/CANDY/build/CMakeFiles/CMakeScratch/TryCompile-eSv1Em/src.c
/home/tony/projects/CANDY/build/CMakeFiles/CMakeScratch/TryCompile-eSv1Em/src.c: In function ‘main’:
/home/tony/projects/CANDY/build/CMakeFiles/CMakeScratch/TryCompile-eSv1Em/src.c:5:41: error: invalid use of undefined type ‘struct videoconfig’
    5 |   (void)sizeof(((struct videoconfig *)0)->numtextcols);
      |                                         ^~
gmake[1]: *** [CMakeFiles/cmTC_8310a.dir/build.make:78：CMakeFiles/cmTC_8310a.dir/src.c.o] 错误 1
gmake[1]: 离开目录“/home/tony/projects/CANDY/build/CMakeFiles/CMakeScratch/TryCompile-eSv1Em”
gmake: *** [Makefile:127：cmTC_8310a/fast] 错误 2


Source file was:


int main()
{
  (void)sizeof(((struct videoconfig *)0)->numtextcols);
  return 0;
}


Performing C SOURCE FILE Test H5_HAVE_STRUCT_TEXT_INFO failed with the following output:
Change Dir: /home/tony/projects/CANDY/build/CMakeFiles/CMakeScratch/TryCompile-KYeuPF

Run Build Command(s):/usr/bin/gmake -f Makefile cmTC_e5c77/fast && /usr/bin/gmake  -f CMakeFiles/cmTC_e5c77.dir/build.make CMakeFiles/cmTC_e5c77.dir/build
gmake[1]: 进入目录“/home/tony/projects/CANDY/build/CMakeFiles/CMakeScratch/TryCompile-KYeuPF”
Building C object CMakeFiles/cmTC_e5c77.dir/src.c.o
/usr/bin/cc -DH5_HAVE_STRUCT_TEXT_INFO -D_FILE_OFFSET_BITS=64 -D_LARGEFILE64_SOURCE -D_LARGEFILE_SOURCE   -o CMakeFiles/cmTC_e5c77.dir/src.c.o -c /home/tony/projects/CANDY/build/CMakeFiles/CMakeScratch/TryCompile-KYeuPF/src.c
/home/tony/projects/CANDY/build/CMakeFiles/CMakeScratch/TryCompile-KYeuPF/src.c: In function ‘main’:
/home/tony/projects/CANDY/build/CMakeFiles/CMakeScratch/TryCompile-KYeuPF/src.c:5:39: error: invalid use of undefined type ‘struct text_info’
    5 |   (void)sizeof(((struct text_info *)0)->screenwidth);
      |                                       ^~
gmake[1]: *** [CMakeFiles/cmTC_e5c77.dir/build.make:78：CMakeFiles/cmTC_e5c77.dir/src.c.o] 错误 1
gmake[1]: 离开目录“/home/tony/projects/CANDY/build/CMakeFiles/CMakeScratch/TryCompile-KYeuPF”
gmake: *** [Makefile:127：cmTC_e5c77/fast] 错误 2


Source file was:


int main()
{
  (void)sizeof(((struct text_info *)0)->screenwidth);
  return 0;
}


Determining if the function _getvideoconfig exists failed with the following output:
Change Dir: /home/tony/projects/CANDY/build/CMakeFiles/CMakeScratch/TryCompile-2AaPVg

Run Build Command(s):/usr/bin/gmake -f Makefile cmTC_cf81b/fast && /usr/bin/gmake  -f CMakeFiles/cmTC_cf81b.dir/build.make CMakeFiles/cmTC_cf81b.dir/build
gmake[1]: 进入目录“/home/tony/projects/CANDY/build/CMakeFiles/CMakeScratch/TryCompile-2AaPVg”
Building C object CMakeFiles/cmTC_cf81b.dir/CheckFunctionExists.c.o
/usr/bin/cc -D_FILE_OFFSET_BITS=64 -D_LARGEFILE64_SOURCE -D_LARGEFILE_SOURCE  -DCHECK_FUNCTION_EXISTS=_getvideoconfig -o CMakeFiles/cmTC_cf81b.dir/CheckFunctionExists.c.o -c /home/tony/projects/CANDY/build/CMakeFiles/CMakeScratch/TryCompile-2AaPVg/CheckFunctionExists.c
Linking C executable cmTC_cf81b
/home/tony/.local/lib/python3.10/site-packages/cmake/data/bin/cmake -E cmake_link_script CMakeFiles/cmTC_cf81b.dir/link.txt --verbose=1
/usr/bin/cc  -DCHECK_FUNCTION_EXISTS=_getvideoconfig CMakeFiles/cmTC_cf81b.dir/CheckFunctionExists.c.o -o cmTC_cf81b 
/usr/bin/ld: CMakeFiles/cmTC_cf81b.dir/CheckFunctionExists.c.o: in function `main':
CheckFunctionExists.c:(.text+0x14): undefined reference to `_getvideoconfig'
collect2: error: ld returned 1 exit status
gmake[1]: *** [CMakeFiles/cmTC_cf81b.dir/build.make:99：cmTC_cf81b] 错误 1
gmake[1]: 离开目录“/home/tony/projects/CANDY/build/CMakeFiles/CMakeScratch/TryCompile-2AaPVg”
gmake: *** [Makefile:127：cmTC_cf81b/fast] 错误 2



Determining if the function gettextinfo exists failed with the following output:
Change Dir: /home/tony/projects/CANDY/build/CMakeFiles/CMakeScratch/TryCompile-E9CmzR

Run Build Command(s):/usr/bin/gmake -f Makefile cmTC_d957e/fast && /usr/bin/gmake  -f CMakeFiles/cmTC_d957e.dir/build.make CMakeFiles/cmTC_d957e.dir/build
gmake[1]: 进入目录“/home/tony/projects/CANDY/build/CMakeFiles/CMakeScratch/TryCompile-E9CmzR”
Building C object CMakeFiles/cmTC_d957e.dir/CheckFunctionExists.c.o
/usr/bin/cc -D_FILE_OFFSET_BITS=64 -D_LARGEFILE64_SOURCE -D_LARGEFILE_SOURCE  -DCHECK_FUNCTION_EXISTS=gettextinfo -o CMakeFiles/cmTC_d957e.dir/CheckFunctionExists.c.o -c /home/tony/projects/CANDY/build/CMakeFiles/CMakeScratch/TryCompile-E9CmzR/CheckFunctionExists.c
Linking C executable cmTC_d957e
/home/tony/.local/lib/python3.10/site-packages/cmake/data/bin/cmake -E cmake_link_script CMakeFiles/cmTC_d957e.dir/link.txt --verbose=1
/usr/bin/cc  -DCHECK_FUNCTION_EXISTS=gettextinfo CMakeFiles/cmTC_d957e.dir/CheckFunctionExists.c.o -o cmTC_d957e 
/usr/bin/ld: CMakeFiles/cmTC_d957e.dir/CheckFunctionExists.c.o: in function `main':
CheckFunctionExists.c:(.text+0x14): undefined reference to `gettextinfo'
collect2: error: ld returned 1 exit status
gmake[1]: *** [CMakeFiles/cmTC_d957e.dir/build.make:99：cmTC_d957e] 错误 1
gmake[1]: 离开目录“/home/tony/projects/CANDY/build/CMakeFiles/CMakeScratch/TryCompile-E9CmzR”
gmake: *** [Makefile:127：cmTC_d957e/fast] 错误 2



Determining if the function _scrsize exists failed with the following output:
Change Dir: /home/tony/projects/CANDY/build/CMakeFiles/CMakeScratch/TryCompile-envll7

Run Build Command(s):/usr/bin/gmake -f Makefile cmTC_52ac6/fast && /usr/bin/gmake  -f CMakeFiles/cmTC_52ac6.dir/build.make CMakeFiles/cmTC_52ac6.dir/build
gmake[1]: 进入目录“/home/tony/projects/CANDY/build/CMakeFiles/CMakeScratch/TryCompile-envll7”
Building C object CMakeFiles/cmTC_52ac6.dir/CheckFunctionExists.c.o
/usr/bin/cc -D_FILE_OFFSET_BITS=64 -D_LARGEFILE64_SOURCE -D_LARGEFILE_SOURCE  -DCHECK_FUNCTION_EXISTS=_scrsize -o CMakeFiles/cmTC_52ac6.dir/CheckFunctionExists.c.o -c /home/tony/projects/CANDY/build/CMakeFiles/CMakeScratch/TryCompile-envll7/CheckFunctionExists.c
Linking C executable cmTC_52ac6
/home/tony/.local/lib/python3.10/site-packages/cmake/data/bin/cmake -E cmake_link_script CMakeFiles/cmTC_52ac6.dir/link.txt --verbose=1
/usr/bin/cc  -DCHECK_FUNCTION_EXISTS=_scrsize CMakeFiles/cmTC_52ac6.dir/CheckFunctionExists.c.o -o cmTC_52ac6 
/usr/bin/ld: CMakeFiles/cmTC_52ac6.dir/CheckFunctionExists.c.o: in function `main':
CheckFunctionExists.c:(.text+0x14): undefined reference to `_scrsize'
collect2: error: ld returned 1 exit status
gmake[1]: *** [CMakeFiles/cmTC_52ac6.dir/build.make:99：cmTC_52ac6] 错误 1
gmake[1]: 离开目录“/home/tony/projects/CANDY/build/CMakeFiles/CMakeScratch/TryCompile-envll7”
gmake: *** [Makefile:127：cmTC_52ac6/fast] 错误 2



Determining if the function GetConsoleScreenBufferInfo exists failed with the following output:
Change Dir: /home/tony/projects/CANDY/build/CMakeFiles/CMakeScratch/TryCompile-91yhSr

Run Build Command(s):/usr/bin/gmake -f Makefile cmTC_cbc54/fast && /usr/bin/gmake  -f CMakeFiles/cmTC_cbc54.dir/build.make CMakeFiles/cmTC_cbc54.dir/build
gmake[1]: 进入目录“/home/tony/projects/CANDY/build/CMakeFiles/CMakeScratch/TryCompile-91yhSr”
Building C object CMakeFiles/cmTC_cbc54.dir/CheckFunctionExists.c.o
/usr/bin/cc -D_FILE_OFFSET_BITS=64 -D_LARGEFILE64_SOURCE -D_LARGEFILE_SOURCE  -DCHECK_FUNCTION_EXISTS=GetConsoleScreenBufferInfo -o CMakeFiles/cmTC_cbc54.dir/CheckFunctionExists.c.o -c /home/tony/projects/CANDY/build/CMakeFiles/CMakeScratch/TryCompile-91yhSr/CheckFunctionExists.c
Linking C executable cmTC_cbc54
/home/tony/.local/lib/python3.10/site-packages/cmake/data/bin/cmake -E cmake_link_script CMakeFiles/cmTC_cbc54.dir/link.txt --verbose=1
/usr/bin/cc  -DCHECK_FUNCTION_EXISTS=GetConsoleScreenBufferInfo CMakeFiles/cmTC_cbc54.dir/CheckFunctionExists.c.o -o cmTC_cbc54 
/usr/bin/ld: CMakeFiles/cmTC_cbc54.dir/CheckFunctionExists.c.o: in function `main':
CheckFunctionExists.c:(.text+0x14): undefined reference to `GetConsoleScreenBufferInfo'
collect2: error: ld returned 1 exit status
gmake[1]: *** [CMakeFiles/cmTC_cbc54.dir/build.make:99：cmTC_cbc54] 错误 1
gmake[1]: 离开目录“/home/tony/projects/CANDY/build/CMakeFiles/CMakeScratch/TryCompile-91yhSr”
gmake: *** [Makefile:127：cmTC_cbc54/fast] 错误 2



Determining if the function clock_gettime exists in the posix4 failed with the following output:
Change Dir: /home/tony/projects/CANDY/build/CMakeFiles/CMakeScratch/TryCompile-ZqKr9Q

Run Build Command(s):/usr/bin/gmake -f Makefile cmTC_7debc/fast && /usr/bin/gmake  -f CMakeFiles/cmTC_7debc.dir/build.make CMakeFiles/cmTC_7debc.dir/build
gmake[1]: 进入目录“/home/tony/projects/CANDY/build/CMakeFiles/CMakeScratch/TryCompile-ZqKr9Q”
Building C object CMakeFiles/cmTC_7debc.dir/CheckFunctionExists.c.o
/usr/bin/cc -D_FILE_OFFSET_BITS=64 -D_LARGEFILE64_SOURCE -D_LARGEFILE_SOURCE  -DCHECK_FUNCTION_EXISTS=clock_gettime -o CMakeFiles/cmTC_7debc.dir/CheckFunctionExists.c.o -c /home/tony/projects/CANDY/build/CMakeFiles/CMakeScratch/TryCompile-ZqKr9Q/CheckFunctionExists.c
Linking C executable cmTC_7debc
/home/tony/.local/lib/python3.10/site-packages/cmake/data/bin/cmake -E cmake_link_script CMakeFiles/cmTC_7debc.dir/link.txt --verbose=1
/usr/bin/cc  -DCHECK_FUNCTION_EXISTS=clock_gettime CMakeFiles/cmTC_7debc.dir/CheckFunctionExists.c.o -o cmTC_7debc  -lposix4 
/usr/bin/ld: 找不到 -lposix4: 没有那个文件或目录
collect2: error: ld returned 1 exit status
gmake[1]: *** [CMakeFiles/cmTC_7debc.dir/build.make:99：cmTC_7debc] 错误 1
gmake[1]: 离开目录“/home/tony/projects/CANDY/build/CMakeFiles/CMakeScratch/TryCompile-ZqKr9Q”
gmake: *** [Makefile:127：cmTC_7debc/fast] 错误 2



Test H5_LDOUBLE_TO_LONG_SPECIAL Run failed with the following output and exit code:
 Change Dir: /home/tony/projects/CANDY/build/CMakeFiles/CMakeTmp

Run Build Command(s):/usr/bin/gmake -f Makefile cmTC_17b2a/fast && /usr/bin/gmake  -f CMakeFiles/cmTC_17b2a.dir/build.make CMakeFiles/cmTC_17b2a.dir/build
gmake[1]: 进入目录“/home/tony/projects/CANDY/build/CMakeFiles/CMakeTmp”
Building C object CMakeFiles/cmTC_17b2a.dir/ConversionTests.c.o
/usr/bin/cc   -DH5_LDOUBLE_TO_LONG_SPECIAL_TEST -o CMakeFiles/cmTC_17b2a.dir/ConversionTests.c.o -c /home/tony/projects/CANDY/thirdparty/hdf5-1.14.3/config/cmake/ConversionTests.c
Linking C executable cmTC_17b2a
/home/tony/.local/lib/python3.10/site-packages/cmake/data/bin/cmake -E cmake_link_script CMakeFiles/cmTC_17b2a.dir/link.txt --verbose=1
/usr/bin/cc  -DH5_LDOUBLE_TO_LONG_SPECIAL_TEST CMakeFiles/cmTC_17b2a.dir/ConversionTests.c.o -o cmTC_17b2a 
gmake[1]: 离开目录“/home/tony/projects/CANDY/build/CMakeFiles/CMakeTmp”


Test H5_LONG_TO_LDOUBLE_SPECIAL Run failed with the following output and exit code:
 Change Dir: /home/tony/projects/CANDY/build/CMakeFiles/CMakeTmp

Run Build Command(s):/usr/bin/gmake -f Makefile cmTC_36d08/fast && /usr/bin/gmake  -f CMakeFiles/cmTC_36d08.dir/build.make CMakeFiles/cmTC_36d08.dir/build
gmake[1]: 进入目录“/home/tony/projects/CANDY/build/CMakeFiles/CMakeTmp”
Building C object CMakeFiles/cmTC_36d08.dir/ConversionTests.c.o
/usr/bin/cc   -DH5_LONG_TO_LDOUBLE_SPECIAL_TEST -o CMakeFiles/cmTC_36d08.dir/ConversionTests.c.o -c /home/tony/projects/CANDY/thirdparty/hdf5-1.14.3/config/cmake/ConversionTests.c
Linking C executable cmTC_36d08
/home/tony/.local/lib/python3.10/site-packages/cmake/data/bin/cmake -E cmake_link_script CMakeFiles/cmTC_36d08.dir/link.txt --verbose=1
/usr/bin/cc  -DH5_LONG_TO_LDOUBLE_SPECIAL_TEST CMakeFiles/cmTC_36d08.dir/ConversionTests.c.o -o cmTC_36d08 
gmake[1]: 离开目录“/home/tony/projects/CANDY/build/CMakeFiles/CMakeTmp”


Test H5_DISABLE_SOME_LDOUBLE_CONV Run failed with the following output and exit code:
 Change Dir: /home/tony/projects/CANDY/build/CMakeFiles/CMakeTmp

Run Build Command(s):/usr/bin/gmake -f Makefile cmTC_53862/fast && /usr/bin/gmake  -f CMakeFiles/cmTC_53862.dir/build.make CMakeFiles/cmTC_53862.dir/build
gmake[1]: 进入目录“/home/tony/projects/CANDY/build/CMakeFiles/CMakeTmp”
Building C object CMakeFiles/cmTC_53862.dir/ConversionTests.c.o
/usr/bin/cc   -DH5_DISABLE_SOME_LDOUBLE_CONV_TEST -o CMakeFiles/cmTC_53862.dir/ConversionTests.c.o -c /home/tony/projects/CANDY/thirdparty/hdf5-1.14.3/config/cmake/ConversionTests.c
Linking C executable cmTC_53862
/home/tony/.local/lib/python3.10/site-packages/cmake/data/bin/cmake -E cmake_link_script CMakeFiles/cmTC_53862.dir/link.txt --verbose=1
/usr/bin/cc  -DH5_DISABLE_SOME_LDOUBLE_CONV_TEST CMakeFiles/cmTC_53862.dir/ConversionTests.c.o -o cmTC_53862 
gmake[1]: 离开目录“/home/tony/projects/CANDY/build/CMakeFiles/CMakeTmp”


